\BOOKMARK [0][-]{chapter.1}{\376\377\000D\000a\000t\000a\000\040\000S\000t\000r\000u\000c\000t\000u\000r\000e\000\040\000I\000n\000d\000e\000x}{}
\BOOKMARK [1][-]{section.1.1}{\376\377\000D\000a\000t\000a\000\040\000S\000t\000r\000u\000c\000t\000u\000r\000e\000s}{chapter.1}
\BOOKMARK [0][-]{chapter.2}{\376\377\000F\000i\000l\000e\000\040\000I\000n\000d\000e\000x}{}
\BOOKMARK [1][-]{section.2.1}{\376\377\000F\000i\000l\000e\000\040\000L\000i\000s\000t}{chapter.2}
\BOOKMARK [0][-]{chapter.3}{\376\377\000D\000a\000t\000a\000\040\000S\000t\000r\000u\000c\000t\000u\000r\000e\000\040\000D\000o\000c\000u\000m\000e\000n\000t\000a\000t\000i\000o\000n}{}
\BOOKMARK [1][-]{section.3.1}{\376\377\000V\0002\0004\000C\000o\000m\000m\000a\000n\000d\000\040\000S\000t\000r\000u\000c\000t\000\040\000R\000e\000f\000e\000r\000e\000n\000c\000e}{chapter.3}
\BOOKMARK [2][-]{subsection.3.1.1}{\376\377\000D\000e\000t\000a\000i\000l\000e\000d\000\040\000D\000e\000s\000c\000r\000i\000p\000t\000i\000o\000n}{section.3.1}
\BOOKMARK [2][-]{subsection.3.1.2}{\376\377\000F\000i\000e\000l\000d\000\040\000D\000o\000c\000u\000m\000e\000n\000t\000a\000t\000i\000o\000n}{section.3.1}
\BOOKMARK [3][-]{subsubsection.3.1.2.1}{\376\377\000c\000o\000m\000m\000a\000n\000d}{subsection.3.1.2}
\BOOKMARK [3][-]{subsubsection.3.1.2.2}{\376\377\000d\000a\000t\000a}{subsection.3.1.2}
\BOOKMARK [0][-]{chapter.4}{\376\377\000F\000i\000l\000e\000\040\000D\000o\000c\000u\000m\000e\000n\000t\000a\000t\000i\000o\000n}{}
\BOOKMARK [1][-]{section.4.1}{\376\377\000/\000h\000o\000m\000e\000/\000s\000t\000e\000f\000f\000e\000n\000/\000D\000r\000o\000p\000b\000o\000x\000/\000B\000a\000c\000h\000e\000l\000o\000r\000a\000r\000b\000e\000i\000t\000/\000P\000r\000o\000g\000r\000a\000m\000m\000i\000e\000r\000u\000n\000g\000/\000K\000o\000r\000s\000e\000l\000\137\000a\000t\000t\000i\000n\000y\0002\0003\0001\0003\000/\000s\000r\000c\000/\000K\000o\000r\000s\000e\000l\000\137\000B\000T\000.\000c\000\040\000F\000i\000l\000e\000\040\000R\000e\000f\000e\000r\000e\000n\000c\000e}{chapter.4}
\BOOKMARK [2][-]{subsection.4.1.1}{\376\377\000D\000e\000f\000i\000n\000e\000\040\000D\000o\000c\000u\000m\000e\000n\000t\000a\000t\000i\000o\000n}{section.4.1}
\BOOKMARK [3][-]{subsubsection.4.1.1.1}{\376\377\000b\000u\000t\000t\000o\000n\000\137\000l\000e\000f\000t}{subsection.4.1.1}
\BOOKMARK [3][-]{subsubsection.4.1.1.2}{\376\377\000b\000u\000t\000t\000o\000n\000\137\000m\000i\000d\000d\000l\000e}{subsection.4.1.1}
\BOOKMARK [3][-]{subsubsection.4.1.1.3}{\376\377\000b\000u\000t\000t\000o\000n\000\137\000r\000i\000g\000h\000t}{subsection.4.1.1}
\BOOKMARK [3][-]{subsubsection.4.1.1.4}{\376\377\000b\000u\000t\000t\000o\000n\000\137\000t\000o\000p}{subsection.4.1.1}
\BOOKMARK [3][-]{subsubsection.4.1.1.5}{\376\377\000F\000\137\000C\000P\000U}{subsection.4.1.1}
\BOOKMARK [3][-]{subsubsection.4.1.1.6}{\376\377\000m\000o\000t\000o\000r\000\137\000l\000e\000f\000t\000\137\000d\000i\000r\000e\000c\000t\000i\000o\000n}{subsection.4.1.1}
\BOOKMARK [3][-]{subsubsection.4.1.1.7}{\376\377\000m\000o\000t\000o\000r\000\137\000r\000i\000g\000h\000t\000\137\000d\000i\000r\000e\000c\000t\000i\000o\000n}{subsection.4.1.1}
\BOOKMARK [3][-]{subsubsection.4.1.1.8}{\376\377\000p\000h\000o\000t\000o\000\137\000s\000e\000n\000s\000o\000r}{subsection.4.1.1}
\BOOKMARK [3][-]{subsubsection.4.1.1.9}{\376\377\000P\000W\000M\000\137\000m\000o\000t\000o\000r\000\137\000l\000e\000f\000t}{subsection.4.1.1}
\BOOKMARK [3][-]{subsubsection.4.1.1.10}{\376\377\000P\000W\000M\000\137\000m\000o\000t\000o\000r\000\137\000r\000i\000g\000h\000t}{subsection.4.1.1}
\BOOKMARK [3][-]{subsubsection.4.1.1.11}{\376\377\000R\000X\000D}{subsection.4.1.1}
\BOOKMARK [3][-]{subsubsection.4.1.1.12}{\376\377\000T\000X\000D}{subsection.4.1.1}
\BOOKMARK [3][-]{subsubsection.4.1.1.13}{\376\377\000U\000S\000A\000R\000T\000\137\000B\000A\000U\000D\000\137\000R\000A\000T\000E}{subsection.4.1.1}
\BOOKMARK [3][-]{subsubsection.4.1.1.14}{\376\377\000V\0002\0004\000\137\000U\000B\000R\000R}{subsection.4.1.1}
\BOOKMARK [2][-]{subsection.4.1.2}{\376\377\000T\000y\000p\000e\000d\000e\000f\000\040\000D\000o\000c\000u\000m\000e\000n\000t\000a\000t\000i\000o\000n}{section.4.1}
\BOOKMARK [3][-]{subsubsection.4.1.2.1}{\376\377\000V\0002\0004\000C\000O\000M\000M\000A\000N\000D}{subsection.4.1.2}
\BOOKMARK [2][-]{subsection.4.1.3}{\376\377\000F\000u\000n\000c\000t\000i\000o\000n\000\040\000D\000o\000c\000u\000m\000e\000n\000t\000a\000t\000i\000o\000n}{section.4.1}
\BOOKMARK [3][-]{subsubsection.4.1.3.1}{\376\377\000d\000e\000l\000a\000y}{subsection.4.1.3}
\BOOKMARK [3][-]{subsubsection.4.1.3.2}{\376\377\000i\000n\000i\000t\000\137\000i\000o}{subsection.4.1.3}
\BOOKMARK [3][-]{subsubsection.4.1.3.3}{\376\377\000I\000S\000R}{subsection.4.1.3}
\BOOKMARK [3][-]{subsubsection.4.1.3.4}{\376\377\000I\000S\000R}{subsection.4.1.3}
\BOOKMARK [3][-]{subsubsection.4.1.3.5}{\376\377\000m\000a\000i\000n}{subsection.4.1.3}
\BOOKMARK [3][-]{subsubsection.4.1.3.6}{\376\377\000p\000w\000m}{subsection.4.1.3}
\BOOKMARK [3][-]{subsubsection.4.1.3.7}{\376\377\000s\000e\000t\000u\000p\000\137\000i\000n\000t\000e\000r\000r\000u\000p\000t}{subsection.4.1.3}
\BOOKMARK [3][-]{subsubsection.4.1.3.8}{\376\377\000S\000t\000o\000p\000\137\000M\000o\000t\000o\000r}{subsection.4.1.3}
\BOOKMARK [3][-]{subsubsection.4.1.3.9}{\376\377\000U\000S\000A\000R\000T\000\137\000I\000n\000i\000t}{subsection.4.1.3}
\BOOKMARK [3][-]{subsubsection.4.1.3.10}{\376\377\000U\000S\000A\000R\000T\000\137\000T\000r\000a\000n\000s\000m\000i\000t}{subsection.4.1.3}
\BOOKMARK [3][-]{subsubsection.4.1.3.11}{\376\377\000U\000S\000A\000R\000T\000\137\000T\000r\000a\000n\000s\000m\000i\000t\000\137\000C\000o\000m\000m\000a\000n\000d}{subsection.4.1.3}
\BOOKMARK [2][-]{subsection.4.1.4}{\376\377\000V\000a\000r\000i\000a\000b\000l\000e\000\040\000D\000o\000c\000u\000m\000e\000n\000t\000a\000t\000i\000o\000n}{section.4.1}
\BOOKMARK [3][-]{subsubsection.4.1.4.1}{\376\377\000L\000E\000F\000T\000\137\000M\000O\000T\000O\000R\000\137\000S\000P\000E\000E\000D\000\137\000B\000A\000C\000K\000W\000A\000R\000D\000\137\000h\000e\000a\000d\000e\000r\000D\000e\000t\000e\000c\000t\000e\000d}{subsection.4.1.4}
\BOOKMARK [3][-]{subsubsection.4.1.4.2}{\376\377\000L\000E\000F\000T\000\137\000M\000O\000T\000O\000R\000\137\000S\000P\000E\000E\000D\000\137\000F\000O\000R\000W\000A\000R\000D\000\137\000h\000e\000a\000d\000e\000r\000D\000e\000t\000e\000c\000t\000e\000d}{subsection.4.1.4}
\BOOKMARK [3][-]{subsubsection.4.1.4.3}{\376\377\000R\000I\000G\000H\000T\000\137\000M\000O\000T\000O\000R\000\137\000S\000P\000E\000E\000D\000\137\000B\000A\000C\000K\000W\000A\000R\000D\000\137\000h\000e\000a\000d\000e\000r\000D\000e\000t\000e\000c\000t\000e\000d}{subsection.4.1.4}
\BOOKMARK [3][-]{subsubsection.4.1.4.4}{\376\377\000R\000I\000G\000H\000T\000\137\000M\000O\000T\000O\000R\000\137\000S\000P\000E\000E\000D\000\137\000F\000O\000R\000W\000A\000R\000D\000\137\000h\000e\000a\000d\000e\000r\000D\000e\000t\000e\000c\000t\000e\000d}{subsection.4.1.4}
\BOOKMARK [1][-]{section.4.2}{\376\377\000/\000h\000o\000m\000e\000/\000s\000t\000e\000f\000f\000e\000n\000/\000D\000r\000o\000p\000b\000o\000x\000/\000B\000a\000c\000h\000e\000l\000o\000r\000a\000r\000b\000e\000i\000t\000/\000P\000r\000o\000g\000r\000a\000m\000m\000i\000e\000r\000u\000n\000g\000/\000K\000o\000r\000s\000e\000l\000\137\000a\000t\000t\000i\000n\000y\0002\0003\0001\0003\000/\000s\000r\000c\000/\000v\0002\0004\000\137\000c\000o\000m\000m\000a\000n\000d\000s\000.\000h\000\040\000F\000i\000l\000e\000\040\000R\000e\000f\000e\000r\000e\000n\000c\000e}{chapter.4}
\BOOKMARK [2][-]{subsection.4.2.1}{\376\377\000D\000e\000f\000i\000n\000e\000\040\000D\000o\000c\000u\000m\000e\000n\000t\000a\000t\000i\000o\000n}{section.4.2}
\BOOKMARK [3][-]{subsubsection.4.2.1.1}{\376\377\000B\000U\000T\000T\000O\000N\000\137\000P\000R\000E\000S\000S\000E\000D}{subsection.4.2.1}
\BOOKMARK [3][-]{subsubsection.4.2.1.2}{\376\377\000F\000R\000O\000N\000T\000\137\000B\000U\000T\000T\000O\000N\000\137\000P\000R\000E\000S\000S\000E\000D}{subsection.4.2.1}
\BOOKMARK [3][-]{subsubsection.4.2.1.3}{\376\377\000L\000E\000F\000T\000\137\000B\000U\000T\000T\000O\000N\000\137\000P\000R\000E\000S\000S\000E\000D}{subsection.4.2.1}
\BOOKMARK [3][-]{subsubsection.4.2.1.4}{\376\377\000L\000E\000F\000T\000\137\000M\000O\000T\000O\000R\000\137\000S\000P\000E\000E\000D\000\137\000B\000A\000C\000K\000W\000A\000R\000D}{subsection.4.2.1}
\BOOKMARK [3][-]{subsubsection.4.2.1.5}{\376\377\000L\000E\000F\000T\000\137\000M\000O\000T\000O\000R\000\137\000S\000P\000E\000E\000D\000\137\000F\000O\000R\000W\000A\000R\000D}{subsection.4.2.1}
\BOOKMARK [3][-]{subsubsection.4.2.1.6}{\376\377\000P\000H\000O\000T\000O\000\137\000S\000E\000N\000S\000O\000R}{subsection.4.2.1}
\BOOKMARK [3][-]{subsubsection.4.2.1.7}{\376\377\000R\000I\000G\000H\000T\000\137\000B\000U\000T\000T\000O\000N\000\137\000P\000R\000E\000S\000S\000E\000D}{subsection.4.2.1}
\BOOKMARK [3][-]{subsubsection.4.2.1.8}{\376\377\000R\000I\000G\000H\000T\000\137\000M\000O\000T\000O\000R\000\137\000S\000P\000E\000E\000D\000\137\000B\000A\000C\000K\000W\000A\000R\000D}{subsection.4.2.1}
\BOOKMARK [3][-]{subsubsection.4.2.1.9}{\376\377\000R\000I\000G\000H\000T\000\137\000M\000O\000T\000O\000R\000\137\000S\000P\000E\000E\000D\000\137\000F\000O\000R\000W\000A\000R\000D}{subsection.4.2.1}
\BOOKMARK [3][-]{subsubsection.4.2.1.10}{\376\377\000T\000O\000P\000\137\000B\000U\000T\000T\000O\000N\000\137\000P\000R\000E\000S\000S\000E\000D}{subsection.4.2.1}
